<?xml version="1.0" encoding="utf-8"?><testsuites name="pytest tests"><testsuite name="pytest" errors="0" failures="0" skipped="0" tests="12" time="22.995" timestamp="2026-05-19T05:12:02.612447+00:00" hostname="agent-env-5982ec11-9b2d-47a2-bb3f-125f84bde35d"><testcase classname="backend.tests.backend_test" name="test_list_databases" time="0.203" /><testcase classname="backend.tests.backend_test" name="test_schema_chinook" time="0.151" /><testcase classname="backend.tests.backend_test" name="test_schema_hr" time="0.136" /><testcase classname="backend.tests.backend_test" name="test_schema_invalid_db" time="0.103" /><testcase classname="backend.tests.backend_test" name="test_connect_bad_url" time="0.156" /><testcase classname="backend.tests.backend_test" name="test_query_chinook_returns_sql_and_result" time="11.840" /><testcase classname="backend.tests.backend_test" name="test_query_chinook_trace_has_all_agents" time="0.000" /><testcase classname="backend.tests.backend_test" name="test_query_chinook_session_id" time="0.000" /><testcase classname="backend.tests.backend_test" name="test_query_hr_groupby" time="9.861" /><testcase classname="backend.tests.backend_test" name="test_sessions_list_no_id_leak" time="0.126" /><testcase classname="backend.tests.backend_test" name="test_sessions_get_single" time="0.155" /><testcase classname="backend.tests.backend_test" name="test_sessions_get_404" time="0.111" /></testsuite></testsuites>